\BOOKMARK [0][-]{chapter.1}{\376\377\000I\000n\000t\000r\000o\000d\000u\000c\000t\000i\000o\000n\000\040\000a\000n\000d\000\040\000B\000a\000c\000k\000g\000r\000o\000u\000n\000d\000\040\000R\000e\000s\000e\000a\000r\000c\000h}{}% 1
\BOOKMARK [1][-]{section.1.1}{\376\377\000I\000n\000t\000r\000o\000d\000u\000c\000t\000i\000o\000n}{chapter.1}% 2
\BOOKMARK [1][-]{section.1.2}{\376\377\000O\000b\000j\000e\000c\000t\000i\000v\000e\000s}{chapter.1}% 3
\BOOKMARK [1][-]{section.1.3}{\376\377\000E\000x\000i\000s\000t\000i\000n\000g\000\040\000S\000o\000l\000u\000t\000i\000o\000n\000s}{chapter.1}% 4
\BOOKMARK [2][-]{subsection.1.3.1}{\376\377\000C\000a\000i\000s\000s\000a}{section.1.3}% 5
\BOOKMARK [2][-]{subsection.1.3.2}{\376\377\000C\000h\000e\000s\000s\000.\000c\000o\000m}{section.1.3}% 6
\BOOKMARK [2][-]{subsection.1.3.3}{\376\377\000L\000i\000c\000h\000e\000s\000s}{section.1.3}% 7
\BOOKMARK [1][-]{section.1.4}{\376\377\000S\000t\000o\000c\000k\000f\000i\000s\000h}{chapter.1}% 8
\BOOKMARK [1][-]{section.1.5}{\376\377\000B\000a\000c\000k\000g\000r\000o\000u\000n\000d\000\040\000E\000x\000p\000e\000r\000i\000e\000n\000c\000e\000\040\000F\000r\000o\000m\000\040\000T\000h\000e\000\040\000A\000u\000t\000h\000o\000r}{chapter.1}% 9
\BOOKMARK [0][-]{chapter.2}{\376\377\000M\000e\000t\000h\000o\000d\000s}{}% 10
\BOOKMARK [1][-]{section.2.1}{\376\377\000V\000e\000r\000s\000i\000o\000n\000\040\000C\000o\000n\000t\000r\000o\000l}{chapter.2}% 11
\BOOKMARK [1][-]{section.2.2}{\376\377\000B\000a\000c\000k\000\040\000E\000n\000d}{chapter.2}% 12
\BOOKMARK [2][-]{subsection.2.2.1}{\376\377\000P\000y\000t\000h\000o\000n\000\040\000S\000e\000r\000v\000e\000r}{section.2.2}% 13
\BOOKMARK [2][-]{subsection.2.2.2}{\376\377\000G\000i\000t\000H\000u\000b\000\040\000P\000a\000g\000e\000s}{section.2.2}% 14
\BOOKMARK [2][-]{subsection.2.2.3}{\376\377\000C\000h\000e\000s\000s\000\040\000L\000o\000g\000i\000c}{section.2.2}% 15
\BOOKMARK [2][-]{subsection.2.2.4}{\376\377\000G\000a\000m\000e\000\040\000M\000a\000n\000a\000g\000e\000m\000e\000n\000t}{section.2.2}% 16
\BOOKMARK [1][-]{section.2.3}{\376\377\000C\000o\000m\000m\000u\000n\000i\000c\000a\000t\000i\000o\000n}{chapter.2}% 17
\BOOKMARK [2][-]{subsection.2.3.1}{\376\377\000F\000l\000a\000s\000k\000/\000F\000l\000a\000s\000k\000R\000E\000S\000T\000f\000u\000l}{section.2.3}% 18
\BOOKMARK [2][-]{subsection.2.3.2}{\376\377\000W\000e\000b\000s\000o\000c\000k\000e\000t\000s}{section.2.3}% 19
\BOOKMARK [2][-]{subsection.2.3.3}{\376\377\000H\000e\000r\000o\000k\000u}{section.2.3}% 20
\BOOKMARK [1][-]{section.2.4}{\376\377\000F\000r\000o\000n\000t\000\040\000E\000n\000d}{chapter.2}% 21
\BOOKMARK [2][-]{subsection.2.4.1}{\376\377\000T\000h\000e\000\040\000W\000e\000l\000c\000o\000m\000e\000\040\000P\000a\000g\000e}{section.2.4}% 22
\BOOKMARK [2][-]{subsection.2.4.2}{\376\377\000T\000h\000e\000\040\000C\000h\000e\000s\000s\000\040\000P\000a\000g\000e}{section.2.4}% 23
\BOOKMARK [2][-]{subsection.2.4.3}{\376\377\000R\000e\000s\000p\000o\000n\000s\000i\000v\000e\000\040\000D\000e\000s\000i\000g\000n}{section.2.4}% 24
\BOOKMARK [0][-]{chapter.3}{\376\377\000R\000e\000s\000u\000l\000t\000s}{}% 25
\BOOKMARK [1][-]{section.3.1}{\376\377\000A\000l\000p\000h\000a\000\040\000T\000e\000s\000t\000i\000n\000g}{chapter.3}% 26
\BOOKMARK [2][-]{subsection.3.1.1}{\376\377\000S\000p\000e\000c\000i\000a\000l\000\040\000M\000o\000v\000e\000s}{section.3.1}% 27
\BOOKMARK [2][-]{subsection.3.1.2}{\376\377\000R\000e\000s\000p\000o\000n\000s\000i\000v\000e\000\040\000D\000e\000s\000i\000g\000n}{section.3.1}% 28
\BOOKMARK [2][-]{subsection.3.1.3}{\376\377\000T\000h\000e\000\040\000E\000n\000d\000\040\000G\000a\000m\000e}{section.3.1}% 29
\BOOKMARK [2][-]{subsection.3.1.4}{\376\377\000N\000o\000\040\000G\000a\000m\000e}{section.3.1}% 30
\BOOKMARK [2][-]{subsection.3.1.5}{\376\377\000C\000o\000n\000n\000e\000c\000t\000i\000o\000n\000\040\000I\000s\000s\000u\000e\000s}{section.3.1}% 31
\BOOKMARK [1][-]{section.3.2}{\376\377\000U\000s\000e\000r\000\040\000T\000e\000s\000t\000i\000n\000g\000\040\000a\000n\000d\000\040\000F\000e\000e\000d\000b\000a\000c\000k}{chapter.3}% 32
\BOOKMARK [2][-]{subsection.3.2.1}{\376\377\000F\000u\000n\000c\000t\000i\000o\000n\000a\000l\000i\000t\000y}{section.3.2}% 33
\BOOKMARK [2][-]{subsection.3.2.2}{\376\377\000V\000i\000s\000u\000a\000l\000s}{section.3.2}% 34
\BOOKMARK [2][-]{subsection.3.2.3}{\376\377\000A\000u\000d\000i\000o}{section.3.2}% 35
\BOOKMARK [2][-]{subsection.3.2.4}{\376\377\000I\000n\000e\000x\000p\000e\000r\000i\000e\000n\000c\000e\000d\000\040\000P\000l\000a\000y\000e\000r\000s}{section.3.2}% 36
\BOOKMARK [0][-]{chapter.4}{\376\377\000D\000i\000s\000c\000u\000s\000s\000i\000o\000n}{}% 37
\BOOKMARK [1][-]{section.4.1}{\376\377\000O\000b\000j\000e\000c\000t\000i\000v\000e\000s}{chapter.4}% 38
\BOOKMARK [1][-]{section.4.2}{\376\377\000F\000e\000a\000t\000u\000r\000e\000s\000\040\000t\000o\000\040\000b\000e\000\040\000a\000d\000d\000e\000d\000\040\000i\000n\000\040\000t\000h\000e\000\040\000f\000u\000t\000u\000r\000e}{chapter.4}% 39
\BOOKMARK [1][-]{section.4.3}{\376\377\000C\000o\000n\000c\000l\000u\000s\000i\000o\000n}{chapter.4}% 40
\BOOKMARK [0][-]{section.4.3}{\376\377\000R\000e\000f\000e\000r\000e\000n\000c\000e\000s}{}% 41
\BOOKMARK [0][-]{section*.20}{\376\377\000A\000p\000p\000e\000n\000d\000i\000c\000e\000s}{}% 42
\BOOKMARK [0][-]{appendix.a.A}{\376\377\000S\000e\000l\000f\000-\000a\000p\000p\000r\000a\000i\000s\000a\000l}{}% 43
\BOOKMARK [1][-]{section.a.A.1}{\376\377\000C\000r\000i\000t\000i\000c\000a\000l\000\040\000s\000e\000l\000f\000-\000e\000v\000a\000l\000u\000a\000t\000i\000o\000n}{appendix.a.A}% 44
\BOOKMARK [1][-]{section.a.A.2}{\376\377\000P\000e\000r\000s\000o\000n\000a\000l\000\040\000r\000e\000f\000l\000e\000c\000t\000i\000o\000n\000\040\000a\000n\000d\000\040\000l\000e\000s\000s\000o\000n\000s\000\040\000l\000e\000a\000r\000n\000e\000d}{appendix.a.A}% 45
\BOOKMARK [1][-]{section.a.A.3}{\376\377\000L\000e\000g\000a\000l\000,\000\040\000s\000o\000c\000i\000a\000l\000,\000\040\000e\000t\000h\000i\000c\000a\000l\000\040\000a\000n\000d\000\040\000p\000r\000o\000f\000e\000s\000s\000i\000o\000n\000a\000l\000\040\000i\000s\000s\000u\000e\000s}{appendix.a.A}% 46
\BOOKMARK [2][-]{subsection.a.A.3.1}{\376\377\000L\000e\000g\000a\000l\000\040\000i\000s\000s\000u\000e\000s}{section.a.A.3}% 47
\BOOKMARK [2][-]{subsection.a.A.3.2}{\376\377\000S\000o\000c\000i\000a\000l\000\040\000i\000s\000s\000u\000e\000s}{section.a.A.3}% 48
\BOOKMARK [2][-]{subsection.a.A.3.3}{\376\377\000E\000t\000h\000i\000c\000a\000l\000\040\000i\000s\000s\000u\000e\000s}{section.a.A.3}% 49
\BOOKMARK [2][-]{subsection.a.A.3.4}{\376\377\000P\000r\000o\000f\000e\000s\000s\000i\000o\000n\000a\000l\000\040\000i\000s\000s\000u\000e\000s}{section.a.A.3}% 50
\BOOKMARK [0][-]{appendix.a.B}{\376\377\000E\000x\000t\000e\000r\000n\000a\000l\000\040\000M\000a\000t\000e\000r\000i\000a\000l}{}% 51
